#
# There is insufficient memory for the Java Runtime Environment to continue.
# Native memory allocation (malloc) failed to allocate 302576 bytes for Chunk::new
# Possible reasons:
#   The system is out of physical RAM or swap space
#   The process is running with CompressedOops enabled, and the Java Heap may be blocking the growth of the native heap
# Possible solutions:
#   Reduce memory load on the system
#   Increase physical memory or swap space
#   Check if swap backing store is full
#   Decrease Java heap size (-Xmx/-Xms)
#   Decrease number of Java threads
#   Decrease Java thread stack sizes (-Xss)
#   Set larger code cache with -XX:ReservedCodeCacheSize=
#   JVM is running with Unscaled Compressed Oops mode in which the Java heap is
#     placed in the first 4GB address space. The Java Heap base address is the
#     maximum limit for the native heap growth. Please use -XX:HeapBaseMinAddress
#     to set the Java Heap base and to place the Java Heap above 4GB virtual address.
# This output file may be truncated or incomplete.
#
#  Out of Memory Error (allocation.cpp:389), pid=17636, tid=0x00000000000021d4
#
# JRE version: OpenJDK Runtime Environment (8.0_242-b01) (build 1.8.0_242-release-1644-b01)
# Java VM: OpenJDK 64-Bit Server VM (25.242-b01 mixed mode windows-amd64 compressed oops)
# Failed to write core dump. Minidumps are not enabled by default on client versions of Windows
#

---------------  T H R E A D  ---------------

Current thread (0x0000000019a65800):  JavaThread "C2 CompilerThread0" daemon [_thread_in_native, id=8660, stack(0x000000001a330000,0x000000001a430000)]

Stack: [0x000000001a330000,0x000000001a430000]
[error occurred during error reporting (printing stack bounds), id 0xc0000005]

Native frames: (J=compiled Java code, j=interpreted, Vv=VM code, C=native code)


Current CompileTask:
C2:   1445  860 %     4       sun.security.provider.SHA::implCompress0 @ 3 (482 bytes)


---------------  P R O C E S S  ---------------

Java Threads: ( => current thread )
  0x000000001b13d000 JavaThread "pool-1-thread-1" [_thread_blocked, id=23156, stack(0x000000001c100000,0x000000001c200000)]
  0x0000000019a85800 JavaThread "Service Thread" daemon [_thread_blocked, id=12800, stack(0x000000001a730000,0x000000001a830000)]
  0x0000000019a6c000 JavaThread "C1 CompilerThread3" daemon [_thread_blocked, id=22200, stack(0x000000001a630000,0x000000001a730000)]
  0x0000000019a69000 JavaThread "C2 CompilerThread2" daemon [_thread_blocked, id=21524, stack(0x000000001a530000,0x000000001a630000)]
  0x0000000019a67800 JavaThread "C2 CompilerThread1" daemon [_thread_blocked, id=11336, stack(0x000000001a430000,0x000000001a530000)]
=>0x0000000019a65800 JavaThread "C2 CompilerThread0" daemon [_thread_in_native, id=8660, stack(0x000000001a330000,0x000000001a430000)]
  0x0000000019a64800 JavaThread "Attach Listener" daemon [_thread_blocked, id=17284, stack(0x000000001a230000,0x000000001a330000)]
  0x0000000019a61000 JavaThread "Signal Dispatcher" daemon [_thread_blocked, id=21772, stack(0x000000001a130000,0x000000001a230000)]
  0x0000000019a51000 JavaThread "Finalizer" daemon [_thread_blocked, id=21908, stack(0x0000000019f30000,0x000000001a030000)]
  0x0000000017c3c800 JavaThread "Reference Handler" daemon [_thread_blocked, id=7856, stack(0x0000000019e30000,0x0000000019f30000)]
  0x0000000002c42800 JavaThread "main" [_thread_in_vm, id=20548, stack(0x0000000002a90000,0x0000000002b90000)]

Other Threads:
  0x0000000017c38800 VMThread [stack: 0x0000000019930000,0x0000000019a30000] [id=8840]
  0x0000000019b0b000 WatcherThread [stack: 0x000000001a830000,0x000000001a930000] [id=22640]

VM state:not at safepoint (normal execution)

VM Mutex/Monitor currently owned by a thread: None

heap address: 0x0000000082600000, size: 2010 MB, Compressed Oops mode: 32-bit
Narrow klass base: 0x0000000000000000, Narrow klass shift: 3
Compressed class space size: 1073741824 Address: 0x0000000100000000

Heap:
 PSYoungGen      total 37888K, used 13808K [0x00000000d6200000, 0x00000000dac00000, 0x0000000100000000)
  eden space 32768K, 27% used [0x00000000d6200000,0x00000000d6ae5b10,0x00000000d8200000)
  from space 5120K, 91% used [0x00000000d8200000,0x00000000d8696568,0x00000000d8700000)
  to   space 5120K, 0% used [0x00000000da700000,0x00000000da700000,0x00000000dac00000)
 ParOldGen       total 86016K, used 16K [0x0000000082600000, 0x0000000087a00000, 0x00000000d6200000)
  object space 86016K, 0% used [0x0000000082600000,0x0000000082604000,0x0000000087a00000)
 Metaspace       used 9834K, capacity 10146K, committed 10368K, reserved 1058816K
  class space    used 1306K, capacity 1407K, committed 1408K, reserved 1048576K

Card table byte_map: [0x0000000012100000,0x00000000124f0000] byte_map_base: 0x0000000011ced000

Marking Bits: (ParMarkBitMap*) 0x000000005db2f030
 Begin Bits: [0x0000000012f90000, 0x0000000014ef8000)
 End Bits:   [0x0000000014ef8000, 0x0000000016e60000)

Polling page: 0x0000000001220000

CodeCache: size=245760Kb used=3133Kb max_used=3144Kb free=242626Kb
 bounds [0x0000000002d40000, 0x0000000003060000, 0x0000000011d40000]
 total_blobs=1194 nmethods=859 adapters=249
 compilation: enabled

Compilation events (10 events):
Event: 1.428 Thread 0x0000000019a6c000  857       3       sun.nio.fs.WindowsPath::getFileName (87 bytes)
Event: 1.429 Thread 0x0000000019a6c000 nmethod 857 0x000000000304dd50 code [0x000000000304df20, 0x000000000304ea18]
Event: 1.429 Thread 0x0000000019a6c000  856       3       java.util.concurrent.atomic.AtomicLong::compareAndSet (13 bytes)
Event: 1.429 Thread 0x0000000019a6c000 nmethod 856 0x000000000304ee10 code [0x000000000304ef60, 0x000000000304f0d0]
Event: 1.431 Thread 0x0000000019a6c000  858       3       java.util.Random::nextBoolean (14 bytes)
Event: 1.431 Thread 0x0000000019a6c000 nmethod 858 0x000000000304f150 code [0x000000000304f2c0, 0x000000000304f528]
Event: 1.431 Thread 0x0000000019a6c000  859       3       java.util.Random::next (47 bytes)
Event: 1.431 Thread 0x0000000019a6c000 nmethod 859 0x000000000304f5d0 code [0x000000000304f740, 0x000000000304fb50]
Event: 1.432 Thread 0x0000000019a65800  860 %     4       sun.security.provider.SHA::implCompress0 @ 3 (482 bytes)
Event: 1.433 Thread 0x0000000019a67800 nmethod 805 0x0000000003052950 code [0x0000000003052a80, 0x0000000003052af8]

GC Heap History (2 events):
Event: 0.768 GC heap before
{Heap before GC invocations=1 (full 0):
 PSYoungGen      total 37888K, used 32768K [0x00000000d6200000, 0x00000000d8c00000, 0x0000000100000000)
  eden space 32768K, 100% used [0x00000000d6200000,0x00000000d8200000,0x00000000d8200000)
  from space 5120K, 0% used [0x00000000d8700000,0x00000000d8700000,0x00000000d8c00000)
  to   space 5120K, 0% used [0x00000000d8200000,0x00000000d8200000,0x00000000d8700000)
 ParOldGen       total 86016K, used 0K [0x0000000082600000, 0x0000000087a00000, 0x00000000d6200000)
  object space 86016K, 0% used [0x0000000082600000,0x0000000082600000,0x0000000087a00000)
 Metaspace       used 8662K, capacity 8962K, committed 9216K, reserved 1056768K
  class space    used 1131K, capacity 1247K, committed 1280K, reserved 1048576K
Event: 0.778 GC heap after
Heap after GC invocations=1 (full 0):
 PSYoungGen      total 37888K, used 4697K [0x00000000d6200000, 0x00000000dac00000, 0x0000000100000000)
  eden space 32768K, 0% used [0x00000000d6200000,0x00000000d6200000,0x00000000d8200000)
  from space 5120K, 91% used [0x00000000d8200000,0x00000000d8696568,0x00000000d8700000)
  to   space 5120K, 0% used [0x00000000da700000,0x00000000da700000,0x00000000dac00000)
 ParOldGen       total 86016K, used 16K [0x0000000082600000, 0x0000000087a00000, 0x00000000d6200000)
  object space 86016K, 0% used [0x0000000082600000,0x0000000082604000,0x0000000087a00000)
 Metaspace       used 8662K, capacity 8962K, committed 9216K, reserved 1056768K
  class space    used 1131K, capacity 1247K, committed 1280K, reserved 1048576K
}

Deoptimization events (10 events):
Event: 0.408 Thread 0x0000000002c42800 Uncommon trap: reason=bimorphic action=maybe_recompile pc=0x0000000002f87c08 method=java.util.HashMap.putVal(ILjava/lang/Object;Ljava/lang/Object;ZZ)Ljava/lang/Object; @ 91
Event: 0.408 Thread 0x0000000002c42800 Uncommon trap: reason=bimorphic action=maybe_recompile pc=0x0000000002f87c08 method=java.util.HashMap.putVal(ILjava/lang/Object;Ljava/lang/Object;ZZ)Ljava/lang/Object; @ 91
Event: 0.521 Thread 0x0000000002c42800 Uncommon trap: reason=unstable_if action=reinterpret pc=0x0000000002f06340 method=java.util.regex.Matcher.reset()Ljava/util/regex/Matcher; @ 47
Event: 0.521 Thread 0x0000000002c42800 Uncommon trap: reason=class_check action=maybe_recompile pc=0x0000000002f196dc method=java.util.regex.Matcher.match(II)Z @ 86
Event: 0.521 Thread 0x0000000002c42800 Uncommon trap: reason=class_check action=maybe_recompile pc=0x0000000002f196dc method=java.util.regex.Matcher.match(II)Z @ 86
Event: 0.522 Thread 0x0000000002c42800 Uncommon trap: reason=class_check action=maybe_recompile pc=0x0000000002f196dc method=java.util.regex.Matcher.match(II)Z @ 86
Event: 0.522 Thread 0x0000000002c42800 Uncommon trap: reason=class_check action=maybe_recompile pc=0x0000000002f196dc method=java.util.regex.Matcher.match(II)Z @ 86
Event: 0.659 Thread 0x0000000002c42800 Uncommon trap: reason=bimorphic action=maybe_recompile pc=0x0000000002f80e44 method=java.util.HashMap.putVal(ILjava/lang/Object;Ljava/lang/Object;ZZ)Ljava/lang/Object; @ 91
Event: 1.001 Thread 0x0000000002c42800 Uncommon trap: reason=unstable_if action=reinterpret pc=0x0000000002fc2534 method=java.util.HashMap.getNode(ILjava/lang/Object;)Ljava/util/HashMap$Node; @ 129
Event: 1.001 Thread 0x0000000002c42800 Uncommon trap: reason=class_check action=maybe_recompile pc=0x0000000002ff7ea0 method=java.util.HashMap.putVal(ILjava/lang/Object;Ljava/lang/Object;ZZ)Ljava/lang/Object; @ 203

Classes redefined (0 events):
No events

Internal exceptions (10 events):
Event: 0.700 Thread 0x0000000002c42800 Exception <a 'java/lang/NoSuchMethodError': java.lang.Object.lambda$static$0(Lorg/gradle/internal/state/ModelObject;)Ljava/lang/String;> (0x00000000d7e9edf8) thrown at [C:\src\AOSP-openjdk-git\hotspot\src\share\vm\interpreter\linkResolver.cpp, line 620]
Event: 0.893 Thread 0x0000000002c42800 Exception <a 'java/lang/ArrayIndexOutOfBoundsException'> (0x00000000d6364328) thrown at [C:\src\AOSP-openjdk-git\hotspot\src\share\vm\runtime\sharedRuntime.cpp, line 605]
Event: 0.893 Thread 0x0000000002c42800 Exception <a 'java/lang/ArrayIndexOutOfBoundsException'> (0x00000000d6368760) thrown at [C:\src\AOSP-openjdk-git\hotspot\src\share\vm\runtime\sharedRuntime.cpp, line 605]
Event: 0.901 Thread 0x0000000002c42800 Exception <a 'java/lang/ArrayIndexOutOfBoundsException'> (0x00000000d642b4a0) thrown at [C:\src\AOSP-openjdk-git\hotspot\src\share\vm\runtime\sharedRuntime.cpp, line 605]
Event: 0.901 Thread 0x0000000002c42800 Exception <a 'java/lang/ArrayIndexOutOfBoundsException'> (0x00000000d642d9d8) thrown at [C:\src\AOSP-openjdk-git\hotspot\src\share\vm\runtime\sharedRuntime.cpp, line 605]
Event: 0.902 Thread 0x0000000002c42800 Exception <a 'java/lang/ArrayIndexOutOfBoundsException'> (0x00000000d642ec20) thrown at [C:\src\AOSP-openjdk-git\hotspot\src\share\vm\runtime\sharedRuntime.cpp, line 605]
Event: 0.902 Thread 0x0000000002c42800 Exception <a 'java/lang/ArrayIndexOutOfBoundsException'> (0x00000000d6431568) thrown at [C:\src\AOSP-openjdk-git\hotspot\src\share\vm\runtime\sharedRuntime.cpp, line 605]
Event: 0.903 Thread 0x0000000002c42800 Exception <a 'java/lang/ArrayIndexOutOfBoundsException'> (0x00000000d64330e8) thrown at [C:\src\AOSP-openjdk-git\hotspot\src\share\vm\runtime\sharedRuntime.cpp, line 605]
Event: 0.903 Thread 0x0000000002c42800 Exception <a 'java/lang/ArrayIndexOutOfBoundsException'> (0x00000000d6434220) thrown at [C:\src\AOSP-openjdk-git\hotspot\src\share\vm\runtime\sharedRuntime.cpp, line 605]
Event: 0.903 Thread 0x0000000002c42800 Exception <a 'java/lang/ArrayIndexOutOfBoundsException'> (0x00000000d64364e0) thrown at [C:\src\AOSP-openjdk-git\hotspot\src\share\vm\runtime\sharedRuntime.cpp, line 605]

Events (10 events):
Event: 1.393 loading class sun/nio/fs/WindowsFileAttributes
Event: 1.394 loading class java/nio/file/attribute/DosFileAttributes
Event: 1.394 loading class java/nio/file/attribute/BasicFileAttributes
Event: 1.394 loading class java/nio/file/attribute/BasicFileAttributes done
Event: 1.394 loading class java/nio/file/attribute/DosFileAttributes done
Event: 1.394 loading class sun/nio/fs/WindowsFileAttributes done
Event: 1.394 loading class sun/nio/fs/WindowsPath$WindowsPathWithAttributes
Event: 1.394 loading class sun/nio/fs/BasicFileAttributesHolder
Event: 1.407 loading class sun/nio/fs/BasicFileAttributesHolder done
Event: 1.407 loading class sun/nio/fs/WindowsPath$WindowsPathWithAttributes done


Dynamic libraries:
0x00007ff6d6b70000 - 0x00007ff6d6ba1000 	D:\installation and crap\jre\bin\java.exe
0x00007ff987f00000 - 0x00007ff988107000 	C:\WINDOWS\SYSTEM32\ntdll.dll
0x00007ff986020000 - 0x00007ff9860dd000 	C:\WINDOWS\System32\KERNEL32.DLL
0x00007ff985740000 - 0x00007ff985ab4000 	C:\WINDOWS\System32\KERNELBASE.dll
0x00007ff9825b0000 - 0x00007ff982641000 	C:\WINDOWS\SYSTEM32\apphelp.dll
0x00007ff987e10000 - 0x00007ff987ebc000 	C:\WINDOWS\System32\ADVAPI32.dll
0x00007ff985e90000 - 0x00007ff985f33000 	C:\WINDOWS\System32\msvcrt.dll
0x00007ff986ce0000 - 0x00007ff986d7d000 	C:\WINDOWS\System32\sechost.dll
0x00007ff986150000 - 0x00007ff986271000 	C:\WINDOWS\System32\RPCRT4.dll
0x00007ff987130000 - 0x00007ff9872dc000 	C:\WINDOWS\System32\USER32.dll
0x00007ff985b80000 - 0x00007ff985ba6000 	C:\WINDOWS\System32\win32u.dll
0x00007ff986380000 - 0x00007ff9863a9000 	C:\WINDOWS\System32\GDI32.dll
0x00007ff985580000 - 0x00007ff985692000 	C:\WINDOWS\System32\gdi32full.dll
0x00007ff9856a0000 - 0x00007ff98573d000 	C:\WINDOWS\System32\msvcp_win.dll
0x00007ff9853e0000 - 0x00007ff9854f1000 	C:\WINDOWS\System32\ucrtbase.dll
0x00007ff963130000 - 0x00007ff9633d5000 	C:\WINDOWS\WinSxS\amd64_microsoft.windows.common-controls_6595b64144ccf1df_6.0.22000.120_none_9d947278b86cc467\COMCTL32.dll
0x00007ff985f40000 - 0x00007ff985f71000 	C:\WINDOWS\System32\IMM32.DLL
0x000000005e210000 - 0x000000005e2e2000 	D:\installation and crap\jre\jre\bin\msvcr100.dll
0x000000005d360000 - 0x000000005dbab000 	D:\installation and crap\jre\jre\bin\server\jvm.dll
0x00007ff985f80000 - 0x00007ff985f88000 	C:\WINDOWS\System32\PSAPI.DLL
0x00007ff9671f0000 - 0x00007ff9671f9000 	C:\WINDOWS\SYSTEM32\WSOCK32.dll
0x00007ff97e1f0000 - 0x00007ff97e223000 	C:\WINDOWS\SYSTEM32\WINMM.dll
0x00007ff97c7c0000 - 0x00007ff97c7ca000 	C:\WINDOWS\SYSTEM32\VERSION.dll
0x00007ff9860e0000 - 0x00007ff98614f000 	C:\WINDOWS\System32\WS2_32.dll
0x00007ff97c8e0000 - 0x00007ff97c8ef000 	D:\installation and crap\jre\jre\bin\verify.dll
0x00007ff965020000 - 0x00007ff965049000 	D:\installation and crap\jre\jre\bin\java.dll
0x00007ff960db0000 - 0x00007ff960dc6000 	D:\installation and crap\jre\jre\bin\zip.dll
0x00007ff986530000 - 0x00007ff986cde000 	C:\WINDOWS\System32\SHELL32.dll
0x00007ff983550000 - 0x00007ff983db7000 	C:\WINDOWS\SYSTEM32\windows.storage.dll
0x00007ff9874a0000 - 0x00007ff987818000 	C:\WINDOWS\System32\combase.dll
0x00007ff9833e0000 - 0x00007ff983546000 	C:\WINDOWS\SYSTEM32\wintypes.dll
0x00007ff985da0000 - 0x00007ff985e8a000 	C:\WINDOWS\System32\SHCORE.dll
0x00007ff986280000 - 0x00007ff9862dd000 	C:\WINDOWS\System32\shlwapi.dll
0x00007ff985310000 - 0x00007ff985331000 	C:\WINDOWS\SYSTEM32\profapi.dll
0x00007ff960d90000 - 0x00007ff960daa000 	D:\installation and crap\jre\jre\bin\net.dll
0x00007ff984a00000 - 0x00007ff984a67000 	C:\WINDOWS\system32\mswsock.dll
0x00007ff960d70000 - 0x00007ff960d83000 	D:\installation and crap\jre\jre\bin\nio.dll
0x00007ff960d40000 - 0x00007ff960d66000 	C:\Users\spars\.gradle\native\fdc75f09e3144964f2cf3f50f0aa648679c211496f362492102eb8c894070792\windows-amd64\native-platform.dll
0x00007ff9298c0000 - 0x00007ff929a51000 	C:\Users\spars\.gradle\native\12488b8bf47d2d4c9fbf2f6322a914ad602e24e48041cd04a747c6da556b65c4\windows-amd64\native-platform-file-events.dll
0x00007ff981da0000 - 0x00007ff981dad000 	D:\installation and crap\jre\jre\bin\management.dll
0x00007ff984c50000 - 0x00007ff984c68000 	C:\WINDOWS\SYSTEM32\CRYPTSP.dll
0x00007ff9844d0000 - 0x00007ff984505000 	C:\WINDOWS\system32\rsaenh.dll
0x00007ff984af0000 - 0x00007ff984b19000 	C:\WINDOWS\SYSTEM32\USERENV.dll
0x00007ff984dc0000 - 0x00007ff984de7000 	C:\WINDOWS\SYSTEM32\bcrypt.dll
0x00007ff985500000 - 0x00007ff98557f000 	C:\WINDOWS\System32\bcryptprimitives.dll
0x00007ff984c40000 - 0x00007ff984c4c000 	C:\WINDOWS\SYSTEM32\CRYPTBASE.dll
0x00007ff984010000 - 0x00007ff98403d000 	C:\WINDOWS\SYSTEM32\IPHLPAPI.DLL
0x00007ff986f10000 - 0x00007ff986f19000 	C:\WINDOWS\System32\NSI.dll
0x00007ff97cbb0000 - 0x00007ff97cbc9000 	C:\WINDOWS\SYSTEM32\dhcpcsvc6.DLL
0x00007ff97d900000 - 0x00007ff97d91e000 	C:\WINDOWS\SYSTEM32\dhcpcsvc.DLL
0x00007ff984080000 - 0x00007ff984167000 	C:\WINDOWS\SYSTEM32\DNSAPI.dll

VM Arguments:
jvm_args: -Dorg.gradle.appname=gradlew 
java_command: org.gradle.wrapper.GradleWrapperMain -q -Ptarget-platform=android-x86 -Ptarget=C:\Users\spars\OneDrive\Desktop\final 2 se\chattingapp\lib\main.dart -Pbase-application-name=android.app.Application -Pdart-defines=Zmx1dHRlci5pbnNwZWN0b3Iuc3RydWN0dXJlZEVycm9ycz10cnVl,RkxVVFRFUl9XRUJfQVVUT19ERVRFQ1Q9dHJ1ZQ== -Pdart-obfuscation=false -Ptrack-widget-creation=true -Ptree-shake-icons=false -Pfilesystem-scheme=org-dartlang-root assembleDebug
java_class_path (initial): C:\Users\spars\OneDrive\Desktop\final 2 se\chattingapp\android\\gradle\wrapper\gradle-wrapper.jar
Launcher Type: SUN_STANDARD

Environment Variables:
JAVA_HOME=D:\installation and crap\jre
CLASSPATH=C:\Users\spars\OneDrive\Desktop\final 2 se\chattingapp\android\\gradle\wrapper\gradle-wrapper.jar
PATH=C:\windows\system32;C:\windows;C:\windows\System32\Wbem;C:\windows\System32\WindowsPowerShell\v1.0\;C:\windows\System32\OpenSSH\;C:\Program Files (x86)\NVIDIA Corporation\PhysX\Common;C:\Program Files\NVIDIA Corporation\NVIDIA NvDLISR;C:\WINDOWS\system32;C:\WINDOWS;C:\WINDOWS\System32\Wbem;C:\WINDOWS\System32\WindowsPowerShell\v1.0\;C:\WINDOWS\System32\OpenSSH\;D:\program files\Git\cmd;C:\Program Files\Microsoft SQL Server\130\Tools\Binn\;C:\Program Files\Java\jdk-17.0.1\bin;C:\Users\spars\AppData\Local\Microsoft\WindowsApps;D:\program files\flutter\bin;D:\program files\Microsoft VS Code\bin;C:\Users\spars\AppData\Local\atom\bin;C:\Users\spars\AppData\Local\Microsoft\WindowsApps;D:\program files\flutter\bin\mingit\cmd
USERNAME=spars
OS=Windows_NT
PROCESSOR_IDENTIFIER=Intel64 Family 6 Model 158 Stepping 10, GenuineIntel



---------------  S Y S T E M  ---------------

OS: Windows 10.0 , 64 bit Build 22000 (10.0.22000.318)

CPU:total 8 (initial active 8) (4 cores per cpu, 2 threads per core) family 6 model 158 stepping 10, cmov, cx8, fxsr, mmx, sse, sse2, sse3, ssse3, sse4.1, sse4.2, popcnt, avx, avx2, aes, clmul, erms, 3dnowpref, lzcnt, ht, tsc, tscinvbit, bmi1, bmi2, adx

Memory: 4k page, physical 8225972k(119616k free), swap 33391796k(0k free)

vm_info: OpenJDK 64-Bit Server VM (25.242-b01) for windows-amd64 JRE (1.8.0_242-release-1644-b01), built by "builder" with MS VC++ 10.0 (VS2010)

time: Tue Jan 04 22:28:16 2022
timezone: India Standard Time
elapsed time: 1 seconds (0d 0h 0m 1s)

